# JRE version: Java(TM) SE Runtime Environment (14.0.2+12) (build 14.0.2+12-46)
# Java VM: Java HotSpot(TM) 64-Bit Server VM (14.0.2+12-46, mixed mode, sharing, tiered, compressed oops, g1 gc, windows-amd64)
Heap:
 garbage-first heap   total 262144K, used 127488K [0x00000000e0000000, 0x0000000100000000)
  region size 1024K, 29 young (29696K), 10 survivors (10240K)
 Metaspace       used 43245K, capacity 44419K, committed 44624K, reserved 292864K
  class space    used 5829K, capacity 6260K, committed 6272K, reserved 253952K
GC Heap History (20 events):
Event: 20.673 GC heap before
{Heap before GC invocations=9 (full 0):
 garbage-first heap   total 262144K, used 193024K [0x00000000e0000000, 0x0000000100000000)
  region size 1024K, 153 young (156672K), 10 survivors (10240K)
 Metaspace       used 42824K, capacity 43942K, committed 44112K, reserved 292864K
  class space    used 5790K, capacity 6169K, committed 6272K, reserved 253952K
}
Event: 20.690 GC heap after
{Heap after GC invocations=10 (full 0):
 garbage-first heap   total 262144K, used 47005K [0x00000000e0000000, 0x0000000100000000)
  region size 1024K, 10 young (10240K), 10 survivors (10240K)
 Metaspace       used 42824K, capacity 43942K, committed 44112K, reserved 292864K
  class space    used 5790K, capacity 6169K, committed 6272K, reserved 253952K
}
Event: 21.720 GC heap before
{Heap before GC invocations=10 (full 0):
 garbage-first heap   total 262144K, used 193437K [0x00000000e0000000, 0x0000000100000000)
  region size 1024K, 153 young (156672K), 10 survivors (10240K)
 Metaspace       used 42825K, capacity 43942K, committed 44112K, reserved 292864K
  class space    used 5790K, capacity 6169K, committed 6272K, reserved 253952K
}
Event: 21.740 GC heap after
{Heap after GC invocations=11 (full 0):
 garbage-first heap   total 262144K, used 52665K [0x00000000e0000000, 0x0000000100000000)
  region size 1024K, 16 young (16384K), 16 survivors (16384K)
 Metaspace       used 42825K, capacity 43942K, committed 44112K, reserved 292864K
  class space    used 5790K, capacity 6169K, committed 6272K, reserved 253952K
}
Event: 22.837 GC heap before
{Heap before GC invocations=11 (full 0):
 garbage-first heap   total 262144K, used 192953K [0x00000000e0000000, 0x0000000100000000)
  region size 1024K, 153 young (156672K), 16 survivors (16384K)
 Metaspace       used 42833K, capacity 43942K, committed 44112K, reserved 292864K
  class space    used 5791K, capacity 6169K, committed 6272K, reserved 253952K
}
Event: 22.861 GC heap after
{Heap after GC invocations=12 (full 0):
 garbage-first heap   total 262144K, used 54990K [0x00000000e0000000, 0x0000000100000000)
  region size 1024K, 10 young (10240K), 10 survivors (10240K)
 Metaspace       used 42833K, capacity 43942K, committed 44112K, reserved 292864K
  class space    used 5791K, capacity 6169K, committed 6272K, reserved 253952K
}
Event: 23.865 GC heap before
{Heap before GC invocations=12 (full 0):
 garbage-first heap   total 262144K, used 201422K [0x00000000e0000000, 0x0000000100000000)
  region size 1024K, 153 young (156672K), 10 survivors (10240K)
 Metaspace       used 42835K, capacity 43942K, committed 44112K, reserved 292864K
  class space    used 5791K, capacity 6169K, committed 6272K, reserved 253952K
}
Event: 23.880 GC heap after
{Heap after GC invocations=13 (full 0):
 garbage-first heap   total 262144K, used 54910K [0x00000000e0000000, 0x0000000100000000)
  region size 1024K, 10 young (10240K), 10 survivors (10240K)
 Metaspace       used 42835K, capacity 43942K, committed 44112K, reserved 292864K
  class space    used 5791K, capacity 6169K, committed 6272K, reserved 253952K
}
Event: 25.168 GC heap before
{Heap before GC invocations=13 (full 0):
 garbage-first heap   total 262144K, used 205438K [0x00000000e0000000, 0x0000000100000000)
  region size 1024K, 153 young (156672K), 10 survivors (10240K)
 Metaspace       used 42921K, capacity 44091K, committed 44368K, reserved 292864K
  class space    used 5805K, capacity 6240K, committed 6272K, reserved 253952K
}
Event: 25.187 GC heap after
{Heap after GC invocations=14 (full 0):
 garbage-first heap   total 262144K, used 83655K [0x00000000e0000000, 0x0000000100000000)
  region size 1024K, 20 young (20480K), 20 survivors (20480K)
 Metaspace       used 42921K, capacity 44091K, committed 44368K, reserved 292864K
  class space    used 5805K, capacity 6240K, committed 6272K, reserved 253952K
}
Event: 25.534 GC heap before
{Heap before GC invocations=14 (full 0):
 garbage-first heap   total 262144K, used 195271K [0x00000000e0000000, 0x0000000100000000)
  region size 1024K, 129 young (132096K), 20 survivors (20480K)
 Metaspace       used 42947K, capacity 44091K, committed 44368K, reserved 292864K
  class space    used 5808K, capacity 6240K, committed 6272K, reserved 253952K
}
Event: 25.548 GC heap after
{Heap after GC invocations=15 (full 0):
 garbage-first heap   total 262144K, used 94720K [0x00000000e0000000, 0x0000000100000000)
  region size 1024K, 17 young (17408K), 17 survivors (17408K)
 Metaspace       used 42947K, capacity 44091K, committed 44368K, reserved 292864K
  class space    used 5808K, capacity 6240K, committed 6272K, reserved 253952K
}
Event: 27.435 GC heap before
{Heap before GC invocations=15 (full 0):
 garbage-first heap   total 262144K, used 194048K [0x00000000e0000000, 0x0000000100000000)
  region size 1024K, 110 young (112640K), 17 survivors (17408K)
 Metaspace       used 43218K, capacity 44419K, committed 44624K, reserved 292864K
  class space    used 5828K, capacity 6260K, committed 6272K, reserved 253952K
}
Event: 27.444 GC heap after
{Heap after GC invocations=16 (full 0):
 garbage-first heap   total 262144K, used 98630K [0x00000000e0000000, 0x0000000100000000)
  region size 1024K, 3 young (3072K), 3 survivors (3072K)
 Metaspace       used 43218K, capacity 44419K, committed 44624K, reserved 292864K
  class space    used 5828K, capacity 6260K, committed 6272K, reserved 253952K
}
Event: 28.099 GC heap before
{Heap before GC invocations=16 (full 0):
 garbage-first heap   total 262144K, used 200006K [0x00000000e0000000, 0x0000000100000000)
  region size 1024K, 100 young (102400K), 3 survivors (3072K)
 Metaspace       used 43241K, capacity 44419K, committed 44624K, reserved 292864K
  class space    used 5829K, capacity 6260K, committed 6272K, reserved 253952K
}
Event: 28.103 GC heap after
{Heap after GC invocations=17 (full 0):
 garbage-first heap   total 262144K, used 104219K [0x00000000e0000000, 0x0000000100000000)
  region size 1024K, 6 young (6144K), 6 survivors (6144K)
 Metaspace       used 43241K, capacity 44419K, committed 44624K, reserved 292864K
  class space    used 5829K, capacity 6260K, committed 6272K, reserved 253952K
}
Event: 28.458 GC heap before
{Heap before GC invocations=17 (full 0):
 garbage-first heap   total 262144K, used 202523K [0x00000000e0000000, 0x0000000100000000)
  region size 1024K, 103 young (105472K), 6 survivors (6144K)
 Metaspace       used 43242K, capacity 44419K, committed 44624K, reserved 292864K
  class space    used 5829K, capacity 6260K, committed 6272K, reserved 253952K
}
Event: 28.462 GC heap after
{Heap after GC invocations=18 (full 0):
 garbage-first heap   total 262144K, used 104643K [0x00000000e0000000, 0x0000000100000000)
  region size 1024K, 6 young (6144K), 6 survivors (6144K)
 Metaspace       used 43242K, capacity 44419K, committed 44624K, reserved 292864K
  class space    used 5829K, capacity 6260K, committed 6272K, reserved 253952K
}
Event: 28.999 GC heap before
{Heap before GC invocations=18 (full 0):
 garbage-first heap   total 262144K, used 207043K [0x00000000e0000000, 0x0000000100000000)
  region size 1024K, 107 young (109568K), 6 survivors (6144K)
 Metaspace       used 43245K, capacity 44419K, committed 44624K, reserved 292864K
  class space    used 5829K, capacity 6260K, committed 6272K, reserved 253952K
}
Event: 29.006 GC heap after
{Heap after GC invocations=19 (full 0):
 garbage-first heap   total 262144K, used 109056K [0x00000000e0000000, 0x0000000100000000)
  region size 1024K, 10 young (10240K), 10 survivors (10240K)
 Metaspace       used 43245K, capacity 44419K, committed 44624K, reserved 292864K
  class space    used 5829K, capacity 6260K, committed 6272K, reserved 253952K
}

